<?xml version="1.0" encoding="UTF-8"?>
<!-- Generated by org.testng.reporters.JUnitReportReporter -->
<testsuite hostname="sheba-Vostro-3470" failures="0" tests="1" name="yatratestcases.Assertions" time="8.322" errors="0" timestamp="2021-12-09T04:05:02 EST" skipped="0">
  <testcase classname="yatratestcases.Assertions" name="verifyTitle" time="8.322"/>
  <system-out/>
</testsuite> <!-- yatratestcases.Assertions -->
